Building DAG of jobs...
Using shell: /usr/bin/bash
Provided cores: 1 (use --cores to define parallelism)
Rules claiming more threads will be scaled down.
Job stats:
job             count
------------  -------
all                 1
download            2
run_minimap2        2
total               5

Select jobs to execute...
Execute 1 jobs...

[Fri Aug 16 11:59:23 2024]
localrule download:
    output: test/data/SRR19201055.contigs.fa
    jobid: 4
    reason: Missing output files: test/data/SRR19201055.contigs.fa
    wildcards: accession=SRR19201055
    resources: tmpdir=/tmp

[Fri Aug 16 11:59:29 2024]
Finished job 4.
1 of 5 steps (20%) done
Select jobs to execute...
Execute 1 jobs...

[Fri Aug 16 11:59:29 2024]
localrule run_minimap2:
    input: test/plasmid.fasta, test/data/SRR19201055.contigs.fa
    output: test/logan_minimap2/SRR19201055.minimap2_output
    jobid: 3
    reason: Missing output files: test/logan_minimap2/SRR19201055.minimap2_output; Input files updated by another job: test/data/SRR19201055.contigs.fa
    wildcards: accession=SRR19201055
    resources: tmpdir=/tmp

[Fri Aug 16 11:59:29 2024]
Finished job 3.
2 of 5 steps (40%) done
Removing temporary output test/data/SRR19201055.contigs.fa.
Select jobs to execute...
Execute 1 jobs...

[Fri Aug 16 11:59:29 2024]
localrule download:
    output: test/data/ERR10144421.contigs.fa
    jobid: 2
    reason: Missing output files: test/data/ERR10144421.contigs.fa
    wildcards: accession=ERR10144421
    resources: tmpdir=/tmp

[Fri Aug 16 11:59:34 2024]
Finished job 2.
3 of 5 steps (60%) done
Select jobs to execute...
Execute 1 jobs...

[Fri Aug 16 11:59:34 2024]
localrule run_minimap2:
    input: test/plasmid.fasta, test/data/ERR10144421.contigs.fa
    output: test/logan_minimap2/ERR10144421.minimap2_output
    jobid: 1
    reason: Missing output files: test/logan_minimap2/ERR10144421.minimap2_output; Input files updated by another job: test/data/ERR10144421.contigs.fa
    wildcards: accession=ERR10144421
    resources: tmpdir=/tmp

[Fri Aug 16 11:59:34 2024]
Finished job 1.
4 of 5 steps (80%) done
Removing temporary output test/data/ERR10144421.contigs.fa.
Select jobs to execute...
Execute 1 jobs...

[Fri Aug 16 11:59:34 2024]
localrule all:
    input: test/logan_minimap2/ERR10144421.minimap2_output, test/logan_minimap2/SRR19201055.minimap2_output
    jobid: 0
    reason: Input files updated by another job: test/logan_minimap2/ERR10144421.minimap2_output, test/logan_minimap2/SRR19201055.minimap2_output
    resources: tmpdir=/tmp

[Fri Aug 16 11:59:34 2024]
Finished job 0.
5 of 5 steps (100%) done
Complete log: .snakemake/log/2024-08-16T115922.836724.snakemake.log
